2025-04-08 16:15:27,406 - optimization - INFO - 日志系统初始化完成。日志文件: logs/optimization_20250408_161527.log
2025-04-08 16:15:27,407 - optimization - INFO - === 开始优化任务 rw002 ===
2025-04-08 16:15:27,407 - optimization - INFO - 连接到Neo4j数据库 bolt://localhost:7699
2025-04-08 16:15:27,408 - data.neo4j_handler - INFO - Successfully connected to Neo4j at bolt://localhost:7699
2025-04-08 16:15:27,417 - optimization - INFO - 执行测试查询...
2025-04-08 16:15:27,428 - optimization - INFO - 获取任务 rw002 的数据
2025-04-08 16:15:27,435 - neo4j.notifications - WARNING - Received notification from DBMS server: {severity: WARNING} {code: Neo.ClientNotification.Statement.FeatureDeprecationWarning} {category: DEPRECATION} {title: This feature is deprecated and will be removed in future versions.} {description: The query used a deprecated function: `id`.} {position: line: 6, column: 52, offset: 242} for query: '\n                    MATCH (t:任务 {任务编号: $task_id})\n                    MATCH (t)-[:部署单位]->(n1:节点)\n                    MATCH (n1)-[r:通信手段]->(n2:节点)\n                    WHERE (t)-[:部署单位]->(n2)\n                    RETURN r, type(r) as rel_type, id(n1) as start_id, id(n2) as end_id\n                    '
2025-04-08 16:15:27,436 - neo4j.notifications - WARNING - Received notification from DBMS server: {severity: WARNING} {code: Neo.ClientNotification.Statement.FeatureDeprecationWarning} {category: DEPRECATION} {title: This feature is deprecated and will be removed in future versions.} {description: The query used a deprecated function: `id`.} {position: line: 6, column: 72, offset: 262} for query: '\n                    MATCH (t:任务 {任务编号: $task_id})\n                    MATCH (t)-[:部署单位]->(n1:节点)\n                    MATCH (n1)-[r:通信手段]->(n2:节点)\n                    WHERE (t)-[:部署单位]->(n2)\n                    RETURN r, type(r) as rel_type, id(n1) as start_id, id(n2) as end_id\n                    '
2025-04-08 16:15:27,436 - data.neo4j_handler - INFO - Retrieved task data for rw002: 3 links
2025-04-08 16:15:27,436 - optimization - INFO - 获取任务 rw002 的环境数据
2025-04-08 16:15:27,439 - data.neo4j_handler - INFO - Retrieved environment data for rw002
2025-04-08 16:15:27,439 - optimization - INFO - 获取任务 rw002 的约束数据
2025-04-08 16:15:27,441 - data.neo4j_handler - INFO - Retrieved constraint data for rw002
2025-04-08 16:15:27,441 - optimization - INFO - 优化配置: 种群大小=100, 迭代代数=200
2025-04-08 16:15:27,441 - optimization - INFO - 初始化优化器
2025-04-08 16:15:27,441 - data.neo4j_handler - INFO - Neo4j connection closed
2025-04-08 16:15:27,443 - optimization - INFO - 开始运行NSGA-II优化
2025-04-08 16:15:27,443 - data.neo4j_handler - INFO - Successfully connected to Neo4j at bolt://localhost:7699
2025-04-08 16:15:27,542 - data.neo4j_handler - INFO - 找到 2 个相似案例，基于环境和约束相似度
2025-04-08 16:15:27,547 - data.neo4j_handler - INFO - 相似案例详情: rw003(极地C1区域,1艘航母,1艘驱逐舰,2艘护卫舰,1艘补给舰), rw001(极地D1区域,2艘驱逐舰,1艘护卫舰,1艘补给舰)
2025-04-08 16:15:44,150 - optimization - INFO - 优化完成，得到 100 个非支配解
2025-04-08 16:15:44,154 - optimization - INFO - 生成结果可视化...
2025-04-08 16:15:54,613 - optimization - INFO - 保存优化结果到Neo4j数据库
2025-04-08 16:15:54,917 - data.neo4j_handler - INFO - Saved 100 optimization results for task rw002
2025-04-08 16:15:54,921 - optimization - INFO - 详细结果已保存到 results/rw002_results.json
2025-04-08 16:15:54,922 - data.neo4j_handler - INFO - Neo4j connection closed
2025-04-08 16:15:54,922 - optimization - INFO - 优化完成，耗时: 27.51秒
2025-04-08 16:15:54,922 - optimization - INFO - === 优化任务结束 ===
