2025-04-08 15:19:32,828 - optimization - INFO - 日志系统初始化完成。日志文件: logs/optimization_20250408_151932.log
2025-04-08 15:19:32,829 - optimization - INFO - === 开始优化任务 rw001 ===
2025-04-08 15:19:32,829 - optimization - INFO - 连接到Neo4j数据库 bolt://localhost:7699
2025-04-08 15:19:32,829 - data.neo4j_handler - INFO - Successfully connected to Neo4j at bolt://localhost:7699
2025-04-08 15:19:32,838 - optimization - INFO - 执行测试查询...
2025-04-08 15:19:32,847 - optimization - INFO - 获取任务 rw001 的数据
2025-04-08 15:19:32,859 - neo4j.notifications - WARNING - Received notification from DBMS server: {severity: WARNING} {code: Neo.ClientNotification.Statement.FeatureDeprecationWarning} {category: DEPRECATION} {title: This feature is deprecated and will be removed in future versions.} {description: The query used a deprecated function: `id`.} {position: line: 6, column: 52, offset: 242} for query: '\n                    MATCH (t:任务 {任务编号: $task_id})\n                    MATCH (t)-[:部署单位]->(n1:节点)\n                    MATCH (n1)-[r:通信手段]->(n2:节点)\n                    WHERE (t)-[:部署单位]->(n2)\n                    RETURN r, type(r) as rel_type, id(n1) as start_id, id(n2) as end_id\n                    '
2025-04-08 15:19:32,859 - neo4j.notifications - WARNING - Received notification from DBMS server: {severity: WARNING} {code: Neo.ClientNotification.Statement.FeatureDeprecationWarning} {category: DEPRECATION} {title: This feature is deprecated and will be removed in future versions.} {description: The query used a deprecated function: `id`.} {position: line: 6, column: 72, offset: 262} for query: '\n                    MATCH (t:任务 {任务编号: $task_id})\n                    MATCH (t)-[:部署单位]->(n1:节点)\n                    MATCH (n1)-[r:通信手段]->(n2:节点)\n                    WHERE (t)-[:部署单位]->(n2)\n                    RETURN r, type(r) as rel_type, id(n1) as start_id, id(n2) as end_id\n                    '
2025-04-08 15:19:32,859 - data.neo4j_handler - INFO - Retrieved task data for rw001: 6 links
2025-04-08 15:19:32,860 - optimization - INFO - 获取任务 rw001 的环境数据
2025-04-08 15:19:32,862 - data.neo4j_handler - INFO - Retrieved environment data for rw001
2025-04-08 15:19:32,862 - optimization - INFO - 获取任务 rw001 的约束数据
2025-04-08 15:19:32,864 - data.neo4j_handler - INFO - Retrieved constraint data for rw001
2025-04-08 15:19:32,864 - optimization - INFO - 优化配置: 种群大小=100, 迭代代数=200
2025-04-08 15:19:32,864 - optimization - INFO - 初始化优化器
2025-04-08 15:19:32,864 - data.neo4j_handler - INFO - Neo4j connection closed
2025-04-08 15:19:32,866 - optimization - INFO - 正在执行优化方法对比
2025-04-08 15:19:32,866 - data.neo4j_handler - INFO - Successfully connected to Neo4j at bolt://localhost:7699
2025-04-08 15:19:32,879 - data.neo4j_handler - INFO - Found 10 similar cases for task rw001
2025-04-08 15:19:32,886 - data.neo4j_handler - INFO - Retrieved 6 communication links for task rw198
2025-04-08 15:19:32,893 - data.neo4j_handler - INFO - Retrieved 6 communication links for task rw262
2025-04-08 15:19:32,899 - data.neo4j_handler - INFO - Retrieved 6 communication links for task rw146
2025-04-08 15:19:32,906 - data.neo4j_handler - INFO - Retrieved 6 communication links for task rw171
2025-04-08 15:19:32,913 - data.neo4j_handler - INFO - Retrieved 8 communication links for task rw223
2025-04-08 15:19:32,921 - data.neo4j_handler - INFO - Retrieved 14 communication links for task rw244
2025-04-08 15:19:32,927 - data.neo4j_handler - INFO - Retrieved 6 communication links for task rw051
2025-04-08 15:19:32,933 - data.neo4j_handler - INFO - Retrieved 6 communication links for task rw053
2025-04-08 15:19:32,941 - data.neo4j_handler - INFO - Retrieved 11 communication links for task rw157
2025-04-08 15:19:32,948 - data.neo4j_handler - INFO - Retrieved 6 communication links for task rw295
2025-04-08 15:20:29,732 - optimization - INFO - 对比完成，结果已保存到 results/rw001_method_comparison.json
2025-04-08 15:20:29,732 - data.neo4j_handler - INFO - Neo4j connection closed
2025-04-08 15:20:29,732 - optimization - INFO - 优化完成，耗时: 56.90秒
2025-04-08 15:20:29,732 - optimization - INFO - === 优化任务结束 ===
