2025-04-08 15:55:34,604 - optimization - INFO - 日志系统初始化完成。日志文件: logs/optimization_20250408_155534.log
2025-04-08 15:55:34,605 - optimization - INFO - === 开始优化任务 rw001 ===
2025-04-08 15:55:34,605 - optimization - INFO - 连接到Neo4j数据库 bolt://localhost:7699
2025-04-08 15:55:34,605 - data.neo4j_handler - INFO - Successfully connected to Neo4j at bolt://localhost:7699
2025-04-08 15:55:34,615 - optimization - INFO - 执行测试查询...
2025-04-08 15:55:34,638 - optimization - INFO - 获取任务 rw001 的数据
2025-04-08 15:55:34,656 - neo4j.notifications - WARNING - Received notification from DBMS server: {severity: WARNING} {code: Neo.ClientNotification.Statement.FeatureDeprecationWarning} {category: DEPRECATION} {title: This feature is deprecated and will be removed in future versions.} {description: The query used a deprecated function: `id`.} {position: line: 6, column: 52, offset: 242} for query: '\n                    MATCH (t:任务 {任务编号: $task_id})\n                    MATCH (t)-[:部署单位]->(n1:节点)\n                    MATCH (n1)-[r:通信手段]->(n2:节点)\n                    WHERE (t)-[:部署单位]->(n2)\n                    RETURN r, type(r) as rel_type, id(n1) as start_id, id(n2) as end_id\n                    '
2025-04-08 15:55:34,657 - neo4j.notifications - WARNING - Received notification from DBMS server: {severity: WARNING} {code: Neo.ClientNotification.Statement.FeatureDeprecationWarning} {category: DEPRECATION} {title: This feature is deprecated and will be removed in future versions.} {description: The query used a deprecated function: `id`.} {position: line: 6, column: 72, offset: 262} for query: '\n                    MATCH (t:任务 {任务编号: $task_id})\n                    MATCH (t)-[:部署单位]->(n1:节点)\n                    MATCH (n1)-[r:通信手段]->(n2:节点)\n                    WHERE (t)-[:部署单位]->(n2)\n                    RETURN r, type(r) as rel_type, id(n1) as start_id, id(n2) as end_id\n                    '
2025-04-08 15:55:34,657 - data.neo4j_handler - INFO - Retrieved task data for rw001: 6 links
2025-04-08 15:55:34,657 - optimization - INFO - 获取任务 rw001 的环境数据
2025-04-08 15:55:34,660 - data.neo4j_handler - INFO - Retrieved environment data for rw001
2025-04-08 15:55:34,660 - optimization - INFO - 获取任务 rw001 的约束数据
2025-04-08 15:55:34,662 - data.neo4j_handler - INFO - Retrieved constraint data for rw001
2025-04-08 15:55:34,662 - optimization - INFO - 优化配置: 种群大小=100, 迭代代数=200
2025-04-08 15:55:34,662 - optimization - INFO - 初始化优化器
2025-04-08 15:55:34,663 - data.neo4j_handler - INFO - Neo4j connection closed
2025-04-08 15:55:34,664 - optimization - INFO - 正在执行优化方法对比
2025-04-08 15:55:34,664 - data.neo4j_handler - INFO - Successfully connected to Neo4j at bolt://localhost:7699
2025-04-08 15:55:34,778 - data.neo4j_handler - INFO - 找到 4 个相似案例，基于环境和约束相似度
2025-04-08 15:55:34,783 - data.neo4j_handler - INFO - 相似案例详情: rw223(极地D1区域,2艘驱逐舰,2艘护卫舰,1艘补给舰), rw157(极地D1区域,3艘驱逐舰,2艘护卫舰,1艘两栖舰), rw337(极地D1区域,1艘航母,3艘驱逐舰,1艘护卫舰,1艘补给舰)
2025-04-08 15:55:34,790 - data.neo4j_handler - INFO - Retrieved 8 communication links for task rw223
2025-04-08 15:55:34,799 - data.neo4j_handler - INFO - Retrieved 11 communication links for task rw157
2025-04-08 15:55:34,807 - data.neo4j_handler - INFO - Retrieved 12 communication links for task rw337
2025-04-08 15:55:34,817 - data.neo4j_handler - INFO - Retrieved 14 communication links for task rw244
2025-04-08 15:56:31,863 - optimization - INFO - 对比完成，结果已保存到 results/rw001_method_comparison.json
2025-04-08 15:56:31,863 - data.neo4j_handler - INFO - Neo4j connection closed
2025-04-08 15:56:31,863 - optimization - INFO - 优化完成，耗时: 57.26秒
2025-04-08 15:56:31,863 - optimization - INFO - === 优化任务结束 ===
