2025-04-08 15:53:48,007 - optimization - INFO - 日志系统初始化完成。日志文件: logs/optimization_20250408_155348.log
2025-04-08 15:53:48,008 - optimization - INFO - === 开始优化任务 rw001 ===
2025-04-08 15:53:48,008 - optimization - INFO - 连接到Neo4j数据库 bolt://localhost:7699
2025-04-08 15:53:48,008 - data.neo4j_handler - INFO - Successfully connected to Neo4j at bolt://localhost:7699
2025-04-08 15:53:48,020 - optimization - INFO - 执行测试查询...
2025-04-08 15:53:48,034 - optimization - INFO - 获取任务 rw001 的数据
2025-04-08 15:53:48,043 - neo4j.notifications - WARNING - Received notification from DBMS server: {severity: WARNING} {code: Neo.ClientNotification.Statement.FeatureDeprecationWarning} {category: DEPRECATION} {title: This feature is deprecated and will be removed in future versions.} {description: The query used a deprecated function: `id`.} {position: line: 6, column: 52, offset: 242} for query: '\n                    MATCH (t:任务 {任务编号: $task_id})\n                    MATCH (t)-[:部署单位]->(n1:节点)\n                    MATCH (n1)-[r:通信手段]->(n2:节点)\n                    WHERE (t)-[:部署单位]->(n2)\n                    RETURN r, type(r) as rel_type, id(n1) as start_id, id(n2) as end_id\n                    '
2025-04-08 15:53:48,044 - neo4j.notifications - WARNING - Received notification from DBMS server: {severity: WARNING} {code: Neo.ClientNotification.Statement.FeatureDeprecationWarning} {category: DEPRECATION} {title: This feature is deprecated and will be removed in future versions.} {description: The query used a deprecated function: `id`.} {position: line: 6, column: 72, offset: 262} for query: '\n                    MATCH (t:任务 {任务编号: $task_id})\n                    MATCH (t)-[:部署单位]->(n1:节点)\n                    MATCH (n1)-[r:通信手段]->(n2:节点)\n                    WHERE (t)-[:部署单位]->(n2)\n                    RETURN r, type(r) as rel_type, id(n1) as start_id, id(n2) as end_id\n                    '
2025-04-08 15:53:48,044 - data.neo4j_handler - INFO - Retrieved task data for rw001: 6 links
2025-04-08 15:53:48,044 - optimization - INFO - 获取任务 rw001 的环境数据
2025-04-08 15:53:48,046 - data.neo4j_handler - INFO - Retrieved environment data for rw001
2025-04-08 15:53:48,046 - optimization - INFO - 获取任务 rw001 的约束数据
2025-04-08 15:53:48,048 - data.neo4j_handler - INFO - Retrieved constraint data for rw001
2025-04-08 15:53:48,048 - optimization - INFO - 优化配置: 种群大小=100, 迭代代数=200
2025-04-08 15:53:48,048 - optimization - INFO - 初始化优化器
2025-04-08 15:53:48,049 - data.neo4j_handler - INFO - Neo4j connection closed
2025-04-08 15:53:48,050 - optimization - INFO - 开始运行NSGA-II优化
2025-04-08 15:53:48,051 - data.neo4j_handler - INFO - Successfully connected to Neo4j at bolt://localhost:7699
2025-04-08 15:53:48,960 - data.neo4j_handler - INFO - 找到 4 个相似案例，基于环境和约束相似度
2025-04-08 15:53:48,993 - data.neo4j_handler - INFO - 相似案例详情: rw223(极地D1区域,2艘驱逐舰,2艘护卫舰,1艘补给舰), rw157(极地D1区域,3艘驱逐舰,2艘护卫舰,1艘两栖舰), rw337(极地D1区域,1艘航母,3艘驱逐舰,1艘护卫舰,1艘补给舰)
2025-04-08 15:53:49,001 - data.neo4j_handler - INFO - Retrieved 8 communication links for task rw223
2025-04-08 15:53:49,009 - data.neo4j_handler - INFO - Retrieved 11 communication links for task rw157
2025-04-08 15:53:49,017 - data.neo4j_handler - INFO - Retrieved 12 communication links for task rw337
2025-04-08 15:53:49,026 - data.neo4j_handler - INFO - Retrieved 14 communication links for task rw244
2025-04-08 15:54:17,801 - optimization - INFO - 优化完成，得到 100 个非支配解
2025-04-08 15:54:17,807 - optimization - INFO - 生成结果可视化...
2025-04-08 15:54:29,365 - optimization - INFO - 保存优化结果到Neo4j数据库
2025-04-08 15:54:29,858 - data.neo4j_handler - INFO - Saved 100 optimization results for task rw001
2025-04-08 15:54:29,863 - optimization - INFO - 详细结果已保存到 results/rw001_results.json
2025-04-08 15:54:29,863 - data.neo4j_handler - INFO - Neo4j connection closed
2025-04-08 15:54:29,863 - optimization - INFO - 优化完成，耗时: 41.86秒
2025-04-08 15:54:29,864 - optimization - INFO - === 优化任务结束 ===
