2025-04-08 16:14:21,375 - optimization - INFO - 日志系统初始化完成。日志文件: logs/optimization_20250408_161421.log
2025-04-08 16:14:21,376 - optimization - INFO - === 开始优化任务 rw003 ===
2025-04-08 16:14:21,376 - optimization - INFO - 连接到Neo4j数据库 bolt://localhost:7699
2025-04-08 16:14:21,377 - data.neo4j_handler - INFO - Successfully connected to Neo4j at bolt://localhost:7699
2025-04-08 16:14:21,386 - optimization - INFO - 执行测试查询...
2025-04-08 16:14:21,397 - optimization - INFO - 获取任务 rw003 的数据
2025-04-08 16:14:21,407 - neo4j.notifications - WARNING - Received notification from DBMS server: {severity: WARNING} {code: Neo.ClientNotification.Statement.FeatureDeprecationWarning} {category: DEPRECATION} {title: This feature is deprecated and will be removed in future versions.} {description: The query used a deprecated function: `id`.} {position: line: 6, column: 52, offset: 242} for query: '\n                    MATCH (t:任务 {任务编号: $task_id})\n                    MATCH (t)-[:部署单位]->(n1:节点)\n                    MATCH (n1)-[r:通信手段]->(n2:节点)\n                    WHERE (t)-[:部署单位]->(n2)\n                    RETURN r, type(r) as rel_type, id(n1) as start_id, id(n2) as end_id\n                    '
2025-04-08 16:14:21,407 - neo4j.notifications - WARNING - Received notification from DBMS server: {severity: WARNING} {code: Neo.ClientNotification.Statement.FeatureDeprecationWarning} {category: DEPRECATION} {title: This feature is deprecated and will be removed in future versions.} {description: The query used a deprecated function: `id`.} {position: line: 6, column: 72, offset: 262} for query: '\n                    MATCH (t:任务 {任务编号: $task_id})\n                    MATCH (t)-[:部署单位]->(n1:节点)\n                    MATCH (n1)-[r:通信手段]->(n2:节点)\n                    WHERE (t)-[:部署单位]->(n2)\n                    RETURN r, type(r) as rel_type, id(n1) as start_id, id(n2) as end_id\n                    '
2025-04-08 16:14:21,407 - data.neo4j_handler - INFO - Retrieved task data for rw003: 8 links
2025-04-08 16:14:21,408 - optimization - INFO - 获取任务 rw003 的环境数据
2025-04-08 16:14:21,410 - data.neo4j_handler - INFO - Retrieved environment data for rw003
2025-04-08 16:14:21,410 - optimization - INFO - 获取任务 rw003 的约束数据
2025-04-08 16:14:21,413 - data.neo4j_handler - INFO - Retrieved constraint data for rw003
2025-04-08 16:14:21,413 - optimization - INFO - 优化配置: 种群大小=100, 迭代代数=200
2025-04-08 16:14:21,413 - optimization - INFO - 初始化优化器
2025-04-08 16:14:21,413 - data.neo4j_handler - INFO - Neo4j connection closed
2025-04-08 16:14:21,414 - optimization - INFO - 开始运行NSGA-II优化
2025-04-08 16:14:21,415 - data.neo4j_handler - INFO - Successfully connected to Neo4j at bolt://localhost:7699
2025-04-08 16:14:21,515 - data.neo4j_handler - INFO - 找到 4 个相似案例，基于环境和约束相似度
2025-04-08 16:14:21,526 - data.neo4j_handler - INFO - 相似案例详情: rw001(极地D1区域,2艘驱逐舰,1艘护卫舰,1艘补给舰), rw299(极地C1区域,1艘航母,3艘驱逐舰,2艘护卫舰), rw310(极地C1区域,3艘驱逐舰,2艘护卫舰,1艘两栖舰)
2025-04-08 16:14:54,324 - optimization - INFO - 优化完成，得到 100 个非支配解
2025-04-08 16:14:54,332 - optimization - INFO - 生成结果可视化...
2025-04-08 16:15:05,295 - optimization - INFO - 保存优化结果到Neo4j数据库
2025-04-08 16:15:05,602 - data.neo4j_handler - INFO - Saved 100 optimization results for task rw003
2025-04-08 16:15:05,607 - optimization - INFO - 详细结果已保存到 results/rw003_results.json
2025-04-08 16:15:05,607 - data.neo4j_handler - INFO - Neo4j connection closed
2025-04-08 16:15:05,607 - optimization - INFO - 优化完成，耗时: 44.23秒
2025-04-08 16:15:05,607 - optimization - INFO - === 优化任务结束 ===
