2025-04-08 14:27:03,068 - optimization - INFO - 日志系统初始化完成。日志文件: logs/optimization_20250408_142703.log
2025-04-08 14:27:03,069 - optimization - INFO - === 开始优化任务 rw001 ===
2025-04-08 14:27:03,069 - optimization - INFO - 连接到Neo4j数据库 bolt://localhost:7699
2025-04-08 14:27:03,069 - data.neo4j_handler - INFO - Successfully connected to Neo4j at bolt://localhost:7699
2025-04-08 14:27:03,084 - optimization - INFO - 执行测试查询...
2025-04-08 14:27:03,097 - optimization - INFO - 获取任务 rw001 的数据
2025-04-08 14:27:03,107 - neo4j.notifications - WARNING - Received notification from DBMS server: {severity: WARNING} {code: Neo.ClientNotification.Statement.FeatureDeprecationWarning} {category: DEPRECATION} {title: This feature is deprecated and will be removed in future versions.} {description: The query used a deprecated function: `id`.} {position: line: 6, column: 52, offset: 242} for query: '\n                    MATCH (t:任务 {任务编号: $task_id})\n                    MATCH (t)-[:部署单位]->(n1:节点)\n                    MATCH (n1)-[r:通信手段]->(n2:节点)\n                    WHERE (t)-[:部署单位]->(n2)\n                    RETURN r, type(r) as rel_type, id(n1) as start_id, id(n2) as end_id\n                    '
2025-04-08 14:27:03,107 - neo4j.notifications - WARNING - Received notification from DBMS server: {severity: WARNING} {code: Neo.ClientNotification.Statement.FeatureDeprecationWarning} {category: DEPRECATION} {title: This feature is deprecated and will be removed in future versions.} {description: The query used a deprecated function: `id`.} {position: line: 6, column: 72, offset: 262} for query: '\n                    MATCH (t:任务 {任务编号: $task_id})\n                    MATCH (t)-[:部署单位]->(n1:节点)\n                    MATCH (n1)-[r:通信手段]->(n2:节点)\n                    WHERE (t)-[:部署单位]->(n2)\n                    RETURN r, type(r) as rel_type, id(n1) as start_id, id(n2) as end_id\n                    '
2025-04-08 14:27:03,108 - data.neo4j_handler - INFO - Retrieved task data for rw001: 6 links
2025-04-08 14:27:03,108 - optimization - INFO - 获取任务 rw001 的环境数据
2025-04-08 14:27:03,110 - data.neo4j_handler - INFO - Retrieved environment data for rw001
2025-04-08 14:27:03,110 - optimization - INFO - 获取任务 rw001 的约束数据
2025-04-08 14:27:03,113 - data.neo4j_handler - INFO - Retrieved constraint data for rw001
2025-04-08 14:27:03,113 - optimization - INFO - 优化配置: 种群大小=100, 迭代代数=200
2025-04-08 14:27:03,113 - optimization - INFO - 初始化优化器
2025-04-08 14:27:03,113 - optimization - ERROR - 优化过程中发生错误: 'CommunicationOptimizer' object has no attribute '_parse_numeric_value'
2025-04-08 14:27:03,114 - optimization - ERROR - Traceback (most recent call last):
  File "main.py", line 88, in main
    optimizer = CommunicationOptimizer(
  File "/home/fangwentao/naval_comm_opt/src/optimization/nsga2_optimizer.py", line 141, in __init__
    env_data['深度'] = self._parse_numeric_value(env_data['深度'])
AttributeError: 'CommunicationOptimizer' object has no attribute '_parse_numeric_value'

2025-04-08 14:27:03,114 - optimization - INFO - === 优化任务结束 ===
